Watchpack Error (watcher): Error: EISDIR: illegal operation on a directory, watch 'Z:\home\caio\projetos\Diamante\web'
Watchpack Error (watcher): Error: EISDIR: illegal operation on a directory, watch 'Z:\home\caio\projetos\Diamante'
Watchpack Error (watcher): Error: EISDIR: illegal operation on a directory, watch 'Z:\home\caio\projetos'
Watchpack Error (watcher): Error: EISDIR: illegal operation on a directory, watch 'Z:\home\caio'
Watchpack Error (watcher): Error: EISDIR: illegal operation on a directory, watch 'Z:\home'
Watchpack Error (watcher): Error: EISDIR: illegal operation on a directory, watch 'Z:\home\caio\projetos\Diamante\web\src'
Watchpack Error (watcher): Error: EISDIR: illegal operation on a directory, watch 'Z:\home\caio\projetos\Diamante\web'
Watchpack Error (watcher): Error: EISDIR: illegal operation on a directory, watch 'Z:\home\caio\projetos\Diamante'
Watchpack Error (watcher): Error: EISDIR: illegal operation on a directory, watch 'Z:\home\caio\projetos'
Watchpack Error (watcher): Error: EISDIR: illegal operation on a directory, watch 'Z:\home\caio'
Watchpack Error (watcher): Error: EISDIR: illegal operation on a directory, watch 'Z:\home'
Watchpack Error (watcher): Error: EISDIR: illegal operation on a directory, watch 'Z:\home\caio\projetos\Diamante\web\src'
Watchpack Error (watcher): Error: EISDIR: illegal operation on a directory, watch 'Z:\home\caio\projetos\Diamante\web'
Watchpack Error (watcher): Error: EISDIR: illegal operation on a directory, watch 'Z:\home\caio\projetos\Diamante'
Watchpack Error (watcher): Error: EISDIR: illegal operation on a directory, watch 'Z:\home\caio\projetos'
Watchpack Error (watcher): Error: EISDIR: illegal operation on a directory, watch 'Z:\home\caio'
Watchpack Error (watcher): Error: EISDIR: illegal operation on a directory, watch 'Z:\home'
Watchpack Error (watcher): Error: EISDIR: illegal operation on a directory, watch 'Z:\home\caio\projetos\Diamante\web\src'
Watchpack Error (watcher): Error: EISDIR: illegal operation on a directory, watch 'Z:\home\caio\projetos\Diamante\web'
Watchpack Error (watcher): Error: EISDIR: illegal operation on a directory, watch 'Z:\home\caio\projetos\Diamante'
Watchpack Error (watcher): Error: EISDIR: illegal operation on a directory, watch 'Z:\home\caio\projetos'
Watchpack Error (watcher): Error: EISDIR: illegal operation on a directory, watch 'Z:\home\caio'
Watchpack Error (watcher): Error: EISDIR: illegal operation on a directory, watch 'Z:\home'
Watchpack Error (watcher): Error: EISDIR: illegal operation on a directory, watch 'Z:\home\caio\projetos\Diamante\web\src'
Watchpack Error (watcher): Error: EISDIR: illegal operation on a directory, watch 'Z:\home\caio\projetos\Diamante\web'
Watchpack Error (watcher): Error: EISDIR: illegal operation on a directory, watch 'Z:\home\caio\projetos\Diamante'
Watchpack Error (watcher): Error: EISDIR: illegal operation on a directory, watch 'Z:\home\caio\projetos'
Watchpack Error (watcher): Error: EISDIR: illegal operation on a directory, watch 'Z:\home\caio'
Watchpack Error (watcher): Error: EISDIR: illegal operation on a directory, watch 'Z:\home'
Watchpack Error (watcher): Error: EISDIR: illegal operation on a directory, watch 'Z:\home\caio\projetos\Diamante\web\src'
Watchpack Error (watcher): Error: EISDIR: illegal operation on a directory, watch 'Z:\home\caio\projetos\Diamante\web'
Watchpack Error (watcher): Error: EISDIR: illegal operation on a directory, watch 'Z:\home\caio\projetos\Diamante'
Watchpack Error (watcher): Error: EISDIR: illegal operation on a directory, watch 'Z:\home\caio\projetos'
Watchpack Error (watcher): Error: EISDIR: illegal operation on a directory, watch 'Z:\home\caio'
Watchpack Error (watcher): Error: EISDIR: illegal operation on a directory, watch 'Z:\home'
Watchpack Error (watcher): Error: EISDIR: illegal operation on a directory, watch 'Z:\home\caio\projetos\Diamante\web\src'
Watchpack Error (watcher): Error: EISDIR: illegal operation on a directory, watch 'Z:\home\caio\projetos\Diamante\web'
Watchpack Error (watcher): Error: EISDIR: illegal operation on a directory, watch 'Z:\home\caio\projetos\Diamante'
Watchpack Error (watcher): Error: EISDIR: illegal operation on a directory, watch 'Z:\home\caio\projetos'
Watchpack Error (watcher): Error: EISDIR: illegal operation on a directory, watch 'Z:\home\caio'
Watchpack Error (watcher): Error: EISDIR: illegal operation on a directory, watch 'Z:\home'
Watchpack Error (watcher): Error: EISDIR: illegal operation on a directory, watch 'Z:\home\caio\projetos\Diamante\web\src'
Watchpack Error (watcher): Error: EISDIR: illegal operation on a directory, watch 'Z:\home\caio\projetos\Diamante'
Watchpack Error (watcher): Error: EISDIR: illegal operation on a directory, watch 'Z:\home\caio\projetos'
Watchpack Error (watcher): Error: EISDIR: illegal operation on a directory, watch 'Z:\home\caio'
Watchpack Error (watcher): Error: EISDIR: illegal operation on a directory, watch 'Z:\home'
Watchpack Error (watcher): Error: EISDIR: illegal operation on a directory, watch 'Z:\home\caio\projetos\Diamante\web'
Watchpack Error (watcher): Error: EISDIR: illegal operation on a directory, watch 'Z:\home\caio\projetos\Diamante'
Watchpack Error (watcher): Error: EISDIR: illegal operation on a directory, watch 'Z:\home\caio\projetos'
Watchpack Error (watcher): Error: EISDIR: illegal operation on a directory, watch 'Z:\home\caio'
Watchpack Error (watcher): Error: EISDIR: illegal operation on a directory, watch 'Z:\home'
Watchpack Error (watcher): Error: EISDIR: illegal operation on a directory, watch 'Z:\home\caio\projetos\Diamante\web\src'
Watchpack Error (watcher): Error: EISDIR: illegal operation on a directory, watch 'Z:\home\caio\projetos\Diamante\web'
Watchpack Error (watcher): Error: EISDIR: illegal operation on a directory, watch 'Z:\home\caio\projetos\Diamante'
Watchpack Error (watcher): Error: EISDIR: illegal operation on a directory, watch 'Z:\home\caio\projetos'
Watchpack Error (watcher): Error: EISDIR: illegal operation on a directory, watch 'Z:\home\caio'
Watchpack Error (watcher): Error: EISDIR: illegal operation on a directory, watch 'Z:\home'
Watchpack Error (watcher): Error: EISDIR: illegal operation on a directory, watch 'Z:\home\caio\projetos\Diamante\web'
Watchpack Error (watcher): Error: EISDIR: illegal operation on a directory, watch 'Z:\home\caio\projetos\Diamante'
Watchpack Error (watcher): Error: EISDIR: illegal operation on a directory, watch 'Z:\home\caio\projetos'
Watchpack Error (watcher): Error: EISDIR: illegal operation on a directory, watch 'Z:\home\caio'
Watchpack Error (watcher): Error: EISDIR: illegal operation on a directory, watch 'Z:\home'
Watchpack Error (watcher): Error: EISDIR: illegal operation on a directory, watch 'Z:\home\caio\projetos\Diamante\web\src'
Watchpack Error (watcher): Error: EISDIR: illegal operation on a directory, watch 'Z:\home\caio\projetos\Diamante\web'
Watchpack Error (watcher): Error: EISDIR: illegal operation on a directory, watch 'Z:\home\caio\projetos\Diamante'
Watchpack Error (watcher): Error: EISDIR: illegal operation on a directory, watch 'Z:\home\caio\projetos'
Watchpack Error (watcher): Error: EISDIR: illegal operation on a directory, watch 'Z:\home\caio'
Watchpack Error (watcher): Error: EISDIR: illegal operation on a directory, watch 'Z:\home'
Watchpack Error (watcher): Error: EISDIR: illegal operation on a directory, watch 'Z:\home\caio\projetos\Diamante\web'
Watchpack Error (watcher): Error: EISDIR: illegal operation on a directory, watch 'Z:\home\caio\projetos\Diamante'
Watchpack Error (watcher): Error: EISDIR: illegal operation on a directory, watch 'Z:\home\caio\projetos'
Watchpack Error (watcher): Error: EISDIR: illegal operation on a directory, watch 'Z:\home\caio'
Watchpack Error (watcher): Error: EISDIR: illegal operation on a directory, watch 'Z:\home'
Watchpack Error (watcher): Error: EISDIR: illegal operation on a directory, watch 'Z:\home\caio\projetos\Diamante\web\src'
Watchpack Error (watcher): Error: EISDIR: illegal operation on a directory, watch 'Z:\home\caio\projetos\Diamante\web'
Watchpack Error (watcher): Error: EISDIR: illegal operation on a directory, watch 'Z:\home\caio\projetos\Diamante'
Watchpack Error (watcher): Error: EISDIR: illegal operation on a directory, watch 'Z:\home\caio\projetos'
Watchpack Error (watcher): Error: EISDIR: illegal operation on a directory, watch 'Z:\home\caio'
Watchpack Error (watcher): Error: EISDIR: illegal operation on a directory, watch 'Z:\home'
⚠ Found a change in next.config.ts. Restarting the server to apply the changes...
